{"message":"Page not found: /v1/pets/logs","level":"warn","service":"vetbee-services","timestamp":"2021-09-14 22:22:18"}
{"message":"Server is running on port 3000","level":"info","service":"vetbee-services","timestamp":"2021-09-14 22:22:50"}
{"message":"Server is running on port 3000","level":"info","service":"vetbee-services","timestamp":"2021-09-14 22:26:31"}
{"message":"Server is running on port 3000","level":"info","service":"vetbee-services","timestamp":"2021-09-14 22:26:38"}
{"message":"Server is running on port 3000","level":"info","service":"vetbee-services","timestamp":"2021-09-14 22:26:44"}
{"message":"Server is running on port 3000","level":"info","service":"vetbee-services","timestamp":"2021-09-14 22:27:12"}
{"message":"Server is running on port 3000","level":"info","service":"vetbee-services","timestamp":"2021-09-14 22:27:37"}
{"message":"Server is running on port 3000","level":"info","service":"vetbee-services","timestamp":"2021-09-14 22:28:00"}
{"message":"Server is running on port 3000","level":"info","service":"vetbee-services","timestamp":"2021-09-14 22:28:12"}
{"message":"Server is running on port 3000","level":"info","service":"vetbee-services","timestamp":"2021-09-14 22:28:25"}
{"message":"Server is running on port 3000","level":"info","service":"vetbee-services","timestamp":"2021-09-14 22:28:54"}
{"message":"Server is running on port 3000","level":"info","service":"vetbee-services","timestamp":"2021-09-14 22:29:12"}
{"message":"Server is running on port 3000","level":"info","service":"vetbee-services","timestamp":"2021-09-14 22:29:25"}
{"message":"Server is running on port 3000","level":"info","service":"vetbee-services","timestamp":"2021-09-14 22:29:33"}
{"message":"Server is running on port 3000","level":"info","service":"vetbee-services","timestamp":"2021-09-14 22:29:59"}
{"message":"Server is running on port 3000","level":"info","service":"vetbee-services","timestamp":"2021-09-14 22:30:03"}
{"message":"Server is running on port 3000","level":"info","service":"vetbee-services","timestamp":"2021-09-14 22:30:04"}
{"message":"Server is running on port 3000","level":"info","service":"vetbee-services","timestamp":"2021-09-14 22:30:05"}
{"message":"Server is running on port 3000","level":"info","service":"vetbee-services","timestamp":"2021-09-14 22:30:14"}
{"message":"Server is running on port 3000","level":"info","service":"vetbee-services","timestamp":"2021-09-15 21:02:47"}
{"message":"Server is running on port 3000","level":"info","service":"vetbee-services","timestamp":"2021-09-22 22:02:07"}
{"message":"Page not found: /v1/tutorials/","level":"warn","service":"vetbee-services","timestamp":"2021-09-22 22:08:51"}
{"message":"Page not found: /v1/tutorials/","level":"warn","service":"vetbee-services","timestamp":"2021-09-22 22:08:51"}
{"message":"Page not found: /v1/user-tutorials/undefined","level":"warn","service":"vetbee-services","timestamp":"2021-09-22 22:08:51"}
{"message":"Page not found: /v1/user-tutorials","level":"warn","service":"vetbee-services","timestamp":"2021-09-22 22:08:51"}
{"message":"Page not found: /v1/tutorials/","level":"warn","service":"vetbee-services","timestamp":"2021-09-22 22:09:14"}
{"message":"Page not found: /v1/tutorials/","level":"warn","service":"vetbee-services","timestamp":"2021-09-22 22:09:14"}
{"message":"Page not found: /v1/user-tutorials/undefined","level":"warn","service":"vetbee-services","timestamp":"2021-09-22 22:09:14"}
{"message":"Page not found: /v1/user-tutorials","level":"warn","service":"vetbee-services","timestamp":"2021-09-22 22:09:14"}
{"message":"Page not found: /v1/user-tutorials/undefined","level":"warn","service":"vetbee-services","timestamp":"2021-09-22 22:09:18"}
{"message":"Page not found: /v1/user-tutorials","level":"warn","service":"vetbee-services","timestamp":"2021-09-22 22:09:18"}
{"message":"Page not found: /v1/tutorials/","level":"warn","service":"vetbee-services","timestamp":"2021-09-22 22:09:31"}
{"message":"Page not found: /v1/tutorials/","level":"warn","service":"vetbee-services","timestamp":"2021-09-22 22:09:31"}
{"message":"Page not found: /v1/user-tutorials/undefined","level":"warn","service":"vetbee-services","timestamp":"2021-09-22 22:09:31"}
{"message":"Page not found: /v1/user-tutorials","level":"warn","service":"vetbee-services","timestamp":"2021-09-22 22:09:31"}
{"message":"Server is running on port 3000","level":"info","service":"vetbee-services","timestamp":"2021-09-22 22:18:17"}
{"message":"Page not found: /v1/tutorials/","level":"warn","service":"vetbee-services","timestamp":"2021-09-22 22:21:53"}
{"message":"Page not found: /v1/tutorials/","level":"warn","service":"vetbee-services","timestamp":"2021-09-22 22:21:53"}
{"message":"Page not found: /v1/user-tutorials/undefined","level":"warn","service":"vetbee-services","timestamp":"2021-09-22 22:21:53"}
{"message":"Page not found: /v1/user-tutorials/undefined","level":"warn","service":"vetbee-services","timestamp":"2021-09-22 22:21:53"}
{"message":"Page not found: /v1/user-tutorials/undefined","level":"warn","service":"vetbee-services","timestamp":"2021-09-22 22:21:53"}
{"message":"Page not found: /v1/user-tutorials/undefined","level":"warn","service":"vetbee-services","timestamp":"2021-09-22 22:21:53"}
